#
# There is insufficient memory for the Java Runtime Environment to continue.
# Native memory allocation (mmap) failed to map 65536 bytes for Failed to commit metaspace.
# Possible reasons:
#   The system is out of physical RAM or swap space
#   The process is running with CompressedOops enabled, and the Java Heap may be blocking the growth of the native heap
# Possible solutions:
#   Reduce memory load on the system
#   Increase physical memory or swap space
#   Check if swap backing store is full
#   Decrease Java heap size (-Xmx/-Xms)
#   Decrease number of Java threads
#   Decrease Java thread stack sizes (-Xss)
#   Set larger code cache with -XX:ReservedCodeCacheSize=
#   JVM is running with Unscaled Compressed Oops mode in which the Java heap is
#     placed in the first 4GB address space. The Java Heap base address is the
#     maximum limit for the native heap growth. Please use -XX:HeapBaseMinAddress
#     to set the Java Heap base and to place the Java Heap above 4GB virtual address.
# This output file may be truncated or incomplete.
#
#  Out of Memory Error (virtualSpaceNode.cpp:110), pid=12700, tid=14772
#
# JRE version: OpenJDK Runtime Environment Temurin-17.0.6+10 (17.0.6+10) (build 17.0.6+10)
# Java VM: OpenJDK 64-Bit Server VM Temurin-17.0.6+10 (17.0.6+10, mixed mode, tiered, compressed oops, compressed class ptrs, g1 gc, windows-amd64)
# No core dump will be written. Minidumps are not enabled by default on client versions of Windows
#

---------------  S U M M A R Y ------------

Command Line: -Dfile.encoding=UTF-8 -XX:+ShowCodeDetailsInExceptionMessages WEBDRIVER.Project1

Host: Intel(R) Celeron(R) CPU  J1900  @ 1.99GHz, 4 cores, 3G,  Windows 10 , 64 bit Build 19041 (10.0.19041.3570)
Time: Tue Nov 14 13:03:28 2023 India Standard Time elapsed time: 0.581663 seconds (0d 0h 0m 0s)

---------------  T H R E A D  ---------------

Current thread (0x000002ab33d87f30):  JavaThread "main" [_thread_in_vm, id=14772, stack(0x000000bf84200000,0x000000bf84300000)]

Stack: [0x000000bf84200000,0x000000bf84300000]
Native frames: (J=compiled Java code, j=interpreted, Vv=VM code, C=native code)
V  [jvm.dll+0x67741a]
V  [jvm.dll+0x834434]
V  [jvm.dll+0x835bde]
V  [jvm.dll+0x836243]
V  [jvm.dll+0x2457b5]
V  [jvm.dll+0x8304cb]
V  [jvm.dll+0x61bca6]
V  [jvm.dll+0x61bd0a]
V  [jvm.dll+0x61e52a]
V  [jvm.dll+0x61c646]
V  [jvm.dll+0x24320c]
V  [jvm.dll+0x6cd84d]
V  [jvm.dll+0x6ce27f]
V  [jvm.dll+0x36fd73]
V  [jvm.dll+0x36ef52]
V  [jvm.dll+0x36eef8]
V  [jvm.dll+0x37ed0a]
C  0x000002ab4017b2c3

Java frames: (J=compiled Java code, j=interpreted, Vv=VM code)
j  java.lang.invoke.LambdaForm.<clinit>()V+85 java.base@17.0.6
v  ~StubRoutines::call_stub
j  java.lang.invoke.DirectMethodHandle.makePreparedLambdaForm(Ljava/lang/invoke/MethodType;I)Ljava/lang/invoke/LambdaForm;+418 java.base@17.0.6
j  java.lang.invoke.DirectMethodHandle.preparedLambdaForm(Ljava/lang/invoke/MethodType;I)Ljava/lang/invoke/LambdaForm;+17 java.base@17.0.6
j  java.lang.invoke.DirectMethodHandle.preparedLambdaForm(Ljava/lang/invoke/MemberName;Z)Ljava/lang/invoke/LambdaForm;+159 java.base@17.0.6
j  java.lang.invoke.DirectMethodHandle.preparedLambdaForm(Ljava/lang/invoke/MemberName;)Ljava/lang/invoke/LambdaForm;+2 java.base@17.0.6
j  java.lang.invoke.DirectMethodHandle.make(BLjava/lang/Class;Ljava/lang/invoke/MemberName;Ljava/lang/Class;)Ljava/lang/invoke/DirectMethodHandle;+163 java.base@17.0.6
j  java.lang.invoke.MethodHandles$Lookup.getDirectMethodCommon(BLjava/lang/Class;Ljava/lang/invoke/MemberName;ZZLjava/lang/invoke/MethodHandles$Lookup;)Ljava/lang/invoke/MethodHandle;+210 java.base@17.0.6
j  java.lang.invoke.MethodHandles$Lookup.getDirectMethodNoSecurityManager(BLjava/lang/Class;Ljava/lang/invoke/MemberName;Ljava/lang/invoke/MethodHandles$Lookup;)Ljava/lang/invoke/MethodHandle;+14 java.base@17.0.6
j  java.lang.invoke.MethodHandles$Lookup.getDirectMethodForConstant(BLjava/lang/Class;Ljava/lang/invoke/MemberName;)Ljava/lang/invoke/MethodHandle;+31 java.base@17.0.6
j  java.lang.invoke.MethodHandles$Lookup.linkMethodHandleConstant(BLjava/lang/Class;Ljava/lang/String;Ljava/lang/Object;)Ljava/lang/invoke/MethodHandle;+153 java.base@17.0.6
j  java.lang.invoke.MethodHandleNatives.linkMethodHandleConstant(Ljava/lang/Class;ILjava/lang/Class;Ljava/lang/String;Ljava/lang/Object;)Ljava/lang/invoke/MethodHandle;+38 java.base@17.0.6
v  ~StubRoutines::call_stub
j  java.util.logging.Level$KnownLevel.add(Ljava/util/logging/Level;)V+19 java.logging@17.0.6
j  java.util.logging.Level.<init>(Ljava/lang/String;ILjava/lang/String;Z)V+55 java.logging@17.0.6
j  java.util.logging.Level.<init>(Ljava/lang/String;ILjava/lang/String;)V+5 java.logging@17.0.6
j  java.util.logging.Level.<clinit>()V+10 java.logging@17.0.6
v  ~StubRoutines::call_stub
j  java.util.logging.Logger.<clinit>()V+7 java.logging@17.0.6
v  ~StubRoutines::call_stub
j  org.openqa.selenium.remote.RemoteWebDriver.<clinit>()V+5
v  ~StubRoutines::call_stub
j  WEBDRIVER.Project1.main([Ljava/lang/String;)V+8
v  ~StubRoutines::call_stub

---------------  P R O C E S S  ---------------

Threads class SMR info:
_java_thread_list=0x000002ab4d965a20, length=12, elements={
0x000002ab33d87f30, 0x000002ab4cd58510, 0x000002ab4cd594d0, 0x000002ab4cd40290,
0x000002ab4cd42b60, 0x000002ab4cd43420, 0x000002ab4cd440f0, 0x000002ab4cd9b850,
0x000002ab4cd9c200, 0x000002ab4cda0b20, 0x000002ab4d947f90, 0x000002ab4d965d30
}

Java Threads: ( => current thread )
=>0x000002ab33d87f30 JavaThread "main" [_thread_in_vm, id=14772, stack(0x000000bf84200000,0x000000bf84300000)]
  0x000002ab4cd58510 JavaThread "Reference Handler" daemon [_thread_blocked, id=14924, stack(0x000000bf84900000,0x000000bf84a00000)]
  0x000002ab4cd594d0 JavaThread "Finalizer" daemon [_thread_blocked, id=12636, stack(0x000000bf84a00000,0x000000bf84b00000)]
  0x000002ab4cd40290 JavaThread "Signal Dispatcher" daemon [_thread_blocked, id=7132, stack(0x000000bf84b00000,0x000000bf84c00000)]
  0x000002ab4cd42b60 JavaThread "Attach Listener" daemon [_thread_blocked, id=14468, stack(0x000000bf84c00000,0x000000bf84d00000)]
  0x000002ab4cd43420 JavaThread "Service Thread" daemon [_thread_blocked, id=7524, stack(0x000000bf84d00000,0x000000bf84e00000)]
  0x000002ab4cd440f0 JavaThread "Monitor Deflation Thread" daemon [_thread_blocked, id=8940, stack(0x000000bf84e00000,0x000000bf84f00000)]
  0x000002ab4cd9b850 JavaThread "C2 CompilerThread0" daemon [_thread_blocked, id=6000, stack(0x000000bf84f00000,0x000000bf85000000)]
  0x000002ab4cd9c200 JavaThread "C1 CompilerThread0" daemon [_thread_blocked, id=1600, stack(0x000000bf85000000,0x000000bf85100000)]
  0x000002ab4cda0b20 JavaThread "Sweeper thread" daemon [_thread_blocked, id=12492, stack(0x000000bf85100000,0x000000bf85200000)]
  0x000002ab4d947f90 JavaThread "Notification Thread" daemon [_thread_blocked, id=12992, stack(0x000000bf85200000,0x000000bf85300000)]
  0x000002ab4d965d30 JavaThread "Common-Cleaner" daemon [_thread_blocked, id=14024, stack(0x000000bf85400000,0x000000bf85500000)]

Other Threads:
  0x000002ab4cd35020 VMThread "VM Thread" [stack: 0x000000bf84800000,0x000000bf84900000] [id=5880]
  0x000002ab33ddadb0 WatcherThread [stack: 0x000000bf85300000,0x000000bf85400000] [id=13096]
  0x000002ab33dc5600 GCTaskThread "GC Thread#0" [stack: 0x000000bf84300000,0x000000bf84400000] [id=4880]
  0x000002ab33dd0900 ConcurrentGCThread "G1 Main Marker" [stack: 0x000000bf84400000,0x000000bf84500000] [id=3616]
  0x000002ab33dd1220 ConcurrentGCThread "G1 Conc#0" [stack: 0x000000bf84500000,0x000000bf84600000] [id=4680]
  0x000002ab33e24320 ConcurrentGCThread "G1 Refine#0" [stack: 0x000000bf84600000,0x000000bf84700000] [id=14844]
  0x000002ab33e25f00 ConcurrentGCThread "G1 Service" [stack: 0x000000bf84700000,0x000000bf84800000] [id=11080]

Threads with active compile tasks:

VM state: not at safepoint (normal execution)

VM Mutex/Monitor currently owned by a thread:  ([mutex/lock_event])
[0x000002ab33d82010] Metaspace_lock - owner thread: 0x000002ab33d87f30

Heap address: 0x00000000c1800000, size: 1000 MB, Compressed Oops mode: 32-bit

CDS archive(s) not mapped
Compressed class space mapped at: 0x0000000100000000-0x0000000140000000, reserved size: 1073741824
Narrow klass base: 0x0000000000000000, Narrow klass shift: 3, Narrow klass range: 0x140000000

GC Precious Log:
 CPUs: 4 total, 4 available
 Memory: 3995M
 Large Page Support: Disabled
 NUMA Support: Disabled
 Compressed Oops: Enabled (32-bit)
 Heap Region Size: 1M
 Heap Min Capacity: 8M
 Heap Initial Capacity: 64M
 Heap Max Capacity: 1000M
 Pre-touch: Disabled
 Parallel Workers: 4
 Concurrent Workers: 1
 Concurrent Refinement Workers: 4
 Periodic GC: Disabled

Heap:
 garbage-first heap   total 65536K, used 2048K [0x00000000c1800000, 0x0000000100000000)
  region size 1024K, 2 young (2048K), 0 survivors (0K)
 Metaspace       used 5157K, committed 5248K, reserved 1056768K
  class space    used 433K, committed 512K, reserved 1048576K

Heap Regions: E=young(eden), S=young(survivor), O=old, HS=humongous(starts), HC=humongous(continues), CS=collection set, F=free, OA=open archive, CA=closed archive, TAMS=top-at-mark-start (previous, next)
|   0|0x00000000c1800000, 0x00000000c1900000, 0x00000000c1900000|100%|HS|  |TAMS 0x00000000c1800000, 0x00000000c1800000| Complete 
|   1|0x00000000c1900000, 0x00000000c1900000, 0x00000000c1a00000|  0%| F|  |TAMS 0x00000000c1900000, 0x00000000c1900000| Untracked 
|   2|0x00000000c1a00000, 0x00000000c1a00000, 0x00000000c1b00000|  0%| F|  |TAMS 0x00000000c1a00000, 0x00000000c1a00000| Untracked 
|   3|0x00000000c1b00000, 0x00000000c1b00000, 0x00000000c1c00000|  0%| F|  |TAMS 0x00000000c1b00000, 0x00000000c1b00000| Untracked 
|   4|0x00000000c1c00000, 0x00000000c1c00000, 0x00000000c1d00000|  0%| F|  |TAMS 0x00000000c1c00000, 0x00000000c1c00000| Untracked 
|   5|0x00000000c1d00000, 0x00000000c1d00000, 0x00000000c1e00000|  0%| F|  |TAMS 0x00000000c1d00000, 0x00000000c1d00000| Untracked 
|   6|0x00000000c1e00000, 0x00000000c1e00000, 0x00000000c1f00000|  0%| F|  |TAMS 0x00000000c1e00000, 0x00000000c1e00000| Untracked 
|   7|0x00000000c1f00000, 0x00000000c1f00000, 0x00000000c2000000|  0%| F|  |TAMS 0x00000000c1f00000, 0x00000000c1f00000| Untracked 
|   8|0x00000000c2000000, 0x00000000c2000000, 0x00000000c2100000|  0%| F|  |TAMS 0x00000000c2000000, 0x00000000c2000000| Untracked 
|   9|0x00000000c2100000, 0x00000000c2100000, 0x00000000c2200000|  0%| F|  |TAMS 0x00000000c2100000, 0x00000000c2100000| Untracked 
|  10|0x00000000c2200000, 0x00000000c2200000, 0x00000000c2300000|  0%| F|  |TAMS 0x00000000c2200000, 0x00000000c2200000| Untracked 
|  11|0x00000000c2300000, 0x00000000c2300000, 0x00000000c2400000|  0%| F|  |TAMS 0x00000000c2300000, 0x00000000c2300000| Untracked 
|  12|0x00000000c2400000, 0x00000000c2400000, 0x00000000c2500000|  0%| F|  |TAMS 0x00000000c2400000, 0x00000000c2400000| Untracked 
|  13|0x00000000c2500000, 0x00000000c2500000, 0x00000000c2600000|  0%| F|  |TAMS 0x00000000c2500000, 0x00000000c2500000| Untracked 
|  14|0x00000000c2600000, 0x00000000c2600000, 0x00000000c2700000|  0%| F|  |TAMS 0x00000000c2600000, 0x00000000c2600000| Untracked 
|  15|0x00000000c2700000, 0x00000000c2700000, 0x00000000c2800000|  0%| F|  |TAMS 0x00000000c2700000, 0x00000000c2700000| Untracked 
|  16|0x00000000c2800000, 0x00000000c2800000, 0x00000000c2900000|  0%| F|  |TAMS 0x00000000c2800000, 0x00000000c2800000| Untracked 
|  17|0x00000000c2900000, 0x00000000c2900000, 0x00000000c2a00000|  0%| F|  |TAMS 0x00000000c2900000, 0x00000000c2900000| Untracked 
|  18|0x00000000c2a00000, 0x00000000c2a00000, 0x00000000c2b00000|  0%| F|  |TAMS 0x00000000c2a00000, 0x00000000c2a00000| Untracked 
|  19|0x00000000c2b00000, 0x00000000c2b00000, 0x00000000c2c00000|  0%| F|  |TAMS 0x00000000c2b00000, 0x00000000c2b00000| Untracked 
|  20|0x00000000c2c00000, 0x00000000c2c00000, 0x00000000c2d00000|  0%| F|  |TAMS 0x00000000c2c00000, 0x00000000c2c00000| Untracked 
|  21|0x00000000c2d00000, 0x00000000c2d00000, 0x00000000c2e00000|  0%| F|  |TAMS 0x00000000c2d00000, 0x00000000c2d00000| Untracked 
|  22|0x00000000c2e00000, 0x00000000c2e00000, 0x00000000c2f00000|  0%| F|  |TAMS 0x00000000c2e00000, 0x00000000c2e00000| Untracked 
|  23|0x00000000c2f00000, 0x00000000c2f00000, 0x00000000c3000000|  0%| F|  |TAMS 0x00000000c2f00000, 0x00000000c2f00000| Untracked 
|  24|0x00000000c3000000, 0x00000000c3000000, 0x00000000c3100000|  0%| F|  |TAMS 0x00000000c3000000, 0x00000000c3000000| Untracked 
|  25|0x00000000c3100000, 0x00000000c3100000, 0x00000000c3200000|  0%| F|  |TAMS 0x00000000c3100000, 0x00000000c3100000| Untracked 
|  26|0x00000000c3200000, 0x00000000c3200000, 0x00000000c3300000|  0%| F|  |TAMS 0x00000000c3200000, 0x00000000c3200000| Untracked 
|  27|0x00000000c3300000, 0x00000000c3300000, 0x00000000c3400000|  0%| F|  |TAMS 0x00000000c3300000, 0x00000000c3300000| Untracked 
|  28|0x00000000c3400000, 0x00000000c3400000, 0x00000000c3500000|  0%| F|  |TAMS 0x00000000c3400000, 0x00000000c3400000| Untracked 
|  29|0x00000000c3500000, 0x00000000c3500000, 0x00000000c3600000|  0%| F|  |TAMS 0x00000000c3500000, 0x00000000c3500000| Untracked 
|  30|0x00000000c3600000, 0x00000000c3600000, 0x00000000c3700000|  0%| F|  |TAMS 0x00000000c3600000, 0x00000000c3600000| Untracked 
|  31|0x00000000c3700000, 0x00000000c3700000, 0x00000000c3800000|  0%| F|  |TAMS 0x00000000c3700000, 0x00000000c3700000| Untracked 
|  32|0x00000000c3800000, 0x00000000c3800000, 0x00000000c3900000|  0%| F|  |TAMS 0x00000000c3800000, 0x00000000c3800000| Untracked 
|  33|0x00000000c3900000, 0x00000000c3900000, 0x00000000c3a00000|  0%| F|  |TAMS 0x00000000c3900000, 0x00000000c3900000| Untracked 
|  34|0x00000000c3a00000, 0x00000000c3a00000, 0x00000000c3b00000|  0%| F|  |TAMS 0x00000000c3a00000, 0x00000000c3a00000| Untracked 
|  35|0x00000000c3b00000, 0x00000000c3b00000, 0x00000000c3c00000|  0%| F|  |TAMS 0x00000000c3b00000, 0x00000000c3b00000| Untracked 
|  36|0x00000000c3c00000, 0x00000000c3c00000, 0x00000000c3d00000|  0%| F|  |TAMS 0x00000000c3c00000, 0x00000000c3c00000| Untracked 
|  37|0x00000000c3d00000, 0x00000000c3d00000, 0x00000000c3e00000|  0%| F|  |TAMS 0x00000000c3d00000, 0x00000000c3d00000| Untracked 
|  38|0x00000000c3e00000, 0x00000000c3e00000, 0x00000000c3f00000|  0%| F|  |TAMS 0x00000000c3e00000, 0x00000000c3e00000| Untracked 
|  39|0x00000000c3f00000, 0x00000000c3f00000, 0x00000000c4000000|  0%| F|  |TAMS 0x00000000c3f00000, 0x00000000c3f00000| Untracked 
|  40|0x00000000c4000000, 0x00000000c4000000, 0x00000000c4100000|  0%| F|  |TAMS 0x00000000c4000000, 0x00000000c4000000| Untracked 
|  41|0x00000000c4100000, 0x00000000c4100000, 0x00000000c4200000|  0%| F|  |TAMS 0x00000000c4100000, 0x00000000c4100000| Untracked 
|  42|0x00000000c4200000, 0x00000000c4200000, 0x00000000c4300000|  0%| F|  |TAMS 0x00000000c4200000, 0x00000000c4200000| Untracked 
|  43|0x00000000c4300000, 0x00000000c4300000, 0x00000000c4400000|  0%| F|  |TAMS 0x00000000c4300000, 0x00000000c4300000| Untracked 
|  44|0x00000000c4400000, 0x00000000c4400000, 0x00000000c4500000|  0%| F|  |TAMS 0x00000000c4400000, 0x00000000c4400000| Untracked 
|  45|0x00000000c4500000, 0x00000000c4500000, 0x00000000c4600000|  0%| F|  |TAMS 0x00000000c4500000, 0x00000000c4500000| Untracked 
|  46|0x00000000c4600000, 0x00000000c4600000, 0x00000000c4700000|  0%| F|  |TAMS 0x00000000c4600000, 0x00000000c4600000| Untracked 
|  47|0x00000000c4700000, 0x00000000c4700000, 0x00000000c4800000|  0%| F|  |TAMS 0x00000000c4700000, 0x00000000c4700000| Untracked 
|  48|0x00000000c4800000, 0x00000000c4800000, 0x00000000c4900000|  0%| F|  |TAMS 0x00000000c4800000, 0x00000000c4800000| Untracked 
|  49|0x00000000c4900000, 0x00000000c4900000, 0x00000000c4a00000|  0%| F|  |TAMS 0x00000000c4900000, 0x00000000c4900000| Untracked 
|  50|0x00000000c4a00000, 0x00000000c4a00000, 0x00000000c4b00000|  0%| F|  |TAMS 0x00000000c4a00000, 0x00000000c4a00000| Untracked 
|  51|0x00000000c4b00000, 0x00000000c4b00000, 0x00000000c4c00000|  0%| F|  |TAMS 0x00000000c4b00000, 0x00000000c4b00000| Untracked 
|  52|0x00000000c4c00000, 0x00000000c4c00000, 0x00000000c4d00000|  0%| F|  |TAMS 0x00000000c4c00000, 0x00000000c4c00000| Untracked 
|  53|0x00000000c4d00000, 0x00000000c4d00000, 0x00000000c4e00000|  0%| F|  |TAMS 0x00000000c4d00000, 0x00000000c4d00000| Untracked 
|  54|0x00000000c4e00000, 0x00000000c4e00000, 0x00000000c4f00000|  0%| F|  |TAMS 0x00000000c4e00000, 0x00000000c4e00000| Untracked 
|  55|0x00000000c4f00000, 0x00000000c4f00000, 0x00000000c5000000|  0%| F|  |TAMS 0x00000000c4f00000, 0x00000000c4f00000| Untracked 
|  56|0x00000000c5000000, 0x00000000c5000000, 0x00000000c5100000|  0%| F|  |TAMS 0x00000000c5000000, 0x00000000c5000000| Untracked 
|  57|0x00000000c5100000, 0x00000000c5100000, 0x00000000c5200000|  0%| F|  |TAMS 0x00000000c5100000, 0x00000000c5100000| Untracked 
|  58|0x00000000c5200000, 0x00000000c5200000, 0x00000000c5300000|  0%| F|  |TAMS 0x00000000c5200000, 0x00000000c5200000| Untracked 
|  59|0x00000000c5300000, 0x00000000c5300000, 0x00000000c5400000|  0%| F|  |TAMS 0x00000000c5300000, 0x00000000c5300000| Untracked 
|  60|0x00000000c5400000, 0x00000000c5400000, 0x00000000c5500000|  0%| F|  |TAMS 0x00000000c5400000, 0x00000000c5400000| Untracked 
|  61|0x00000000c5500000, 0x00000000c5500000, 0x00000000c5600000|  0%| F|  |TAMS 0x00000000c5500000, 0x00000000c5500000| Untracked 
|  62|0x00000000c5600000, 0x00000000c56cabd0, 0x00000000c5700000| 79%| E|  |TAMS 0x00000000c5600000, 0x00000000c5600000| Complete 
|  63|0x00000000c5700000, 0x00000000c5800000, 0x00000000c5800000|100%| E|CS|TAMS 0x00000000c5700000, 0x00000000c5700000| Complete 

Card table byte_map: [0x000002ab48450000,0x000002ab48650000] _byte_map_base: 0x000002ab47e44000

Marking Bits (Prev, Next): (CMBitMap*) 0x000002ab33dc5b20, (CMBitMap*) 0x000002ab33dc5b60
 Prev Bits: [0x000002ab48850000, 0x000002ab497f0000)
 Next Bits: [0x000002ab497f0000, 0x000002ab4a790000)

Polling page: 0x000002ab33c30000

Metaspace:

Usage:
  Non-class:      4.61 MB used.
      Class:    433.31 KB used.
       Both:      5.04 MB used.

Virtual space:
  Non-class space:        8.00 MB reserved,       4.62 MB ( 58%) committed,  1 nodes.
      Class space:        1.00 GB reserved,     512.00 KB ( <1%) committed,  1 nodes.
             Both:        1.01 GB reserved,       5.12 MB ( <1%) committed. 

Chunk freelists:
   Non-Class:  2.88 MB
       Class:  3.53 MB
        Both:  6.41 MB

MaxMetaspaceSize: unlimited
CompressedClassSpaceSize: 1.00 GB
Initial GC threshold: 21.00 MB
Current GC threshold: 21.00 MB
CDS: off
MetaspaceReclaimPolicy: balanced
 - commit_granule_bytes: 65536.
 - commit_granule_words: 8192.
 - virtual_space_node_default_size: 1048576.
 - enlarge_chunks_in_place: 1.
 - new_chunks_are_fully_committed: 0.
 - uncommit_free_chunks: 1.
 - use_allocation_guard: 0.
 - handle_deallocations: 1.


Internal statistics:

num_allocs_failed_limit: 0.
num_arena_births: 4.
num_arena_deaths: 0.
num_vsnodes_births: 2.
num_vsnodes_deaths: 0.
num_space_committed: 82.
num_space_uncommitted: 0.
num_chunks_returned_to_freelist: 0.
num_chunks_taken_from_freelist: 19.
num_chunk_merges: 0.
num_chunk_splits: 7.
num_chunks_enlarged: 5.
num_purges: 0.
num_inconsistent_stats: 0.

CodeHeap 'non-profiled nmethods': size=120000Kb used=32Kb max_used=32Kb free=119968Kb
 bounds [0x000002ab40700000, 0x000002ab40970000, 0x000002ab47c30000]
CodeHeap 'profiled nmethods': size=120000Kb used=200Kb max_used=200Kb free=119799Kb
 bounds [0x000002ab38c30000, 0x000002ab38ea0000, 0x000002ab40160000]
CodeHeap 'non-nmethods': size=5760Kb used=1072Kb max_used=1072Kb free=4687Kb
 bounds [0x000002ab40160000, 0x000002ab403d0000, 0x000002ab40700000]
 total_blobs=485 nmethods=145 adapters=254
 compilation: enabled
              stopped_count=0, restarted_count=0
 full_count=0

Compilation events (20 events):
Event: 0.535 Thread 0x000002ab4cd9c200  134       3       java.lang.AbstractStringBuilder::newCapacity (59 bytes)
Event: 0.536 Thread 0x000002ab4cd9c200 nmethod 134 0x000002ab38c5fb10 code [0x000002ab38c5fce0, 0x000002ab38c600d8]
Event: 0.536 Thread 0x000002ab4cd9c200  135       1       java.security.ProtectionDomain::getCodeSource (5 bytes)
Event: 0.536 Thread 0x000002ab4cd9c200 nmethod 135 0x000002ab40706b90 code [0x000002ab40706d20, 0x000002ab40706df8]
Event: 0.536 Thread 0x000002ab4cd9c200  136       3       java.lang.CharacterDataLatin1::toUpperCase (53 bytes)
Event: 0.537 Thread 0x000002ab4cd9c200 nmethod 136 0x000002ab38c60290 code [0x000002ab38c60440, 0x000002ab38c606d8]
Event: 0.537 Thread 0x000002ab4cd9c200  137       3       jdk.internal.misc.Unsafe::putReferenceRelease (9 bytes)
Event: 0.537 Thread 0x000002ab4cd9c200 nmethod 137 0x000002ab38c60810 code [0x000002ab38c609a0, 0x000002ab38c60af8]
Event: 0.538 Thread 0x000002ab4cd9c200  139       3       java.util.concurrent.ConcurrentHashMap::setTabAt (20 bytes)
Event: 0.538 Thread 0x000002ab4cd9c200 nmethod 139 0x000002ab38c60b90 code [0x000002ab38c60d40, 0x000002ab38c60f48]
Event: 0.544 Thread 0x000002ab4cd9c200  140       3       jdk.internal.misc.Unsafe::allocateUninitializedArray0 (90 bytes)
Event: 0.545 Thread 0x000002ab4cd9c200 nmethod 140 0x000002ab38c61010 code [0x000002ab38c61240, 0x000002ab38c61c98]
Event: 0.547 Thread 0x000002ab4cd9c200  141       3       java.lang.StringCoding::hasNegatives (25 bytes)
Event: 0.547 Thread 0x000002ab4cd9b850  142       4       java.lang.String::hashCode (60 bytes)
Event: 0.547 Thread 0x000002ab4cd9c200 nmethod 141 0x000002ab38c61e10 code [0x000002ab38c61fc0, 0x000002ab38c621f8]
Event: 0.547 Thread 0x000002ab4cd9c200  143       1       java.util.jar.Attributes$Name::hashCode (5 bytes)
Event: 0.547 Thread 0x000002ab4cd9c200 nmethod 143 0x000002ab40707290 code [0x000002ab40707420, 0x000002ab407074f8]
Event: 0.557 Thread 0x000002ab4cd9b850 nmethod 142 0x000002ab40707590 code [0x000002ab40707700, 0x000002ab407078f8]
Event: 0.560 Thread 0x000002ab4cd9c200  144       1       java.lang.module.ModuleDescriptor::isOpen (5 bytes)
Event: 0.560 Thread 0x000002ab4cd9c200 nmethod 144 0x000002ab40707a10 code [0x000002ab40707ba0, 0x000002ab40707c78]

GC Heap History (0 events):
No events

Dll operation events (4 events):
Event: 0.032 Loaded shared library C:\Users\ctel\.p2\pool\plugins\org.eclipse.justj.openjdk.hotspot.jre.full.win32.x86_64_17.0.6.v20230204-1729\jre\bin\java.dll
Event: 0.401 Loaded shared library C:\Users\ctel\.p2\pool\plugins\org.eclipse.justj.openjdk.hotspot.jre.full.win32.x86_64_17.0.6.v20230204-1729\jre\bin\net.dll
Event: 0.407 Loaded shared library C:\Users\ctel\.p2\pool\plugins\org.eclipse.justj.openjdk.hotspot.jre.full.win32.x86_64_17.0.6.v20230204-1729\jre\bin\nio.dll
Event: 0.462 Loaded shared library C:\Users\ctel\.p2\pool\plugins\org.eclipse.justj.openjdk.hotspot.jre.full.win32.x86_64_17.0.6.v20230204-1729\jre\bin\zip.dll

Deoptimization events (0 events):
No events

Classes unloaded (0 events):
No events

Classes redefined (0 events):
No events

Internal exceptions (0 events):
No events

VM Operations (2 events):
Event: 0.467 Executing VM operation: HandshakeAllThreads
Event: 0.467 Executing VM operation: HandshakeAllThreads done

Events (20 events):
Event: 0.562 loading class sun/invoke/util/Wrapper$Format
Event: 0.562 loading class sun/invoke/util/Wrapper$Format done
Event: 0.563 loading class java/lang/invoke/LambdaForm$NamedFunction
Event: 0.564 loading class java/lang/invoke/LambdaForm$NamedFunction done
Event: 0.564 loading class java/lang/invoke/DirectMethodHandle$Holder
Event: 0.565 loading class java/lang/invoke/DirectMethodHandle$Holder done
Event: 0.565 loading class sun/invoke/util/ValueConversions
Event: 0.566 loading class sun/invoke/util/ValueConversions done
Event: 0.566 loading class java/lang/invoke/MethodHandleImpl
Event: 0.568 loading class java/lang/invoke/MethodHandleImpl done
Event: 0.568 loading class java/lang/invoke/Invokers
Event: 0.569 loading class java/lang/invoke/Invokers done
Event: 0.569 loading class java/lang/invoke/LambdaForm$Kind
Event: 0.570 loading class java/lang/invoke/LambdaForm$Kind done
Event: 0.571 loading class java/lang/NoSuchMethodException
Event: 0.571 loading class java/lang/NoSuchMethodException done
Event: 0.572 loading class java/lang/invoke/LambdaForm$BasicType
Event: 0.573 loading class java/lang/invoke/LambdaForm$BasicType done
Event: 0.574 loading class java/lang/invoke/LambdaForm$Name
Event: 0.574 loading class java/lang/invoke/LambdaForm$Name done


Dynamic libraries:
0x00007ff761a50000 - 0x00007ff761a5e000 	C:\Users\ctel\.p2\pool\plugins\org.eclipse.justj.openjdk.hotspot.jre.full.win32.x86_64_17.0.6.v20230204-1729\jre\bin\javaw.exe
0x00007ffe85e50000 - 0x00007ffe86047000 	C:\Windows\SYSTEM32\ntdll.dll
0x00007ffe85d50000 - 0x00007ffe85e0d000 	C:\Windows\System32\KERNEL32.DLL
0x00007ffe83a50000 - 0x00007ffe83d46000 	C:\Windows\System32\KERNELBASE.dll
0x00007ffe83800000 - 0x00007ffe83900000 	C:\Windows\System32\ucrtbase.dll
0x00007ffe5bde0000 - 0x00007ffe5bdf7000 	C:\Users\ctel\.p2\pool\plugins\org.eclipse.justj.openjdk.hotspot.jre.full.win32.x86_64_17.0.6.v20230204-1729\jre\bin\jli.dll
0x00007ffe5e7e0000 - 0x00007ffe5e7f9000 	C:\Users\ctel\.p2\pool\plugins\org.eclipse.justj.openjdk.hotspot.jre.full.win32.x86_64_17.0.6.v20230204-1729\jre\bin\VCRUNTIME140.dll
0x00007ffe84f50000 - 0x00007ffe850ee000 	C:\Windows\System32\USER32.dll
0x00007ffe83a20000 - 0x00007ffe83a42000 	C:\Windows\System32\win32u.dll
0x00007ffe707b0000 - 0x00007ffe70a4a000 	C:\Windows\WinSxS\amd64_microsoft.windows.common-controls_6595b64144ccf1df_6.0.19041.3570_none_60bb2a3971f3e41a\COMCTL32.dll
0x00007ffe84f20000 - 0x00007ffe84f4c000 	C:\Windows\System32\GDI32.dll
0x00007ffe85c50000 - 0x00007ffe85cee000 	C:\Windows\System32\msvcrt.dll
0x00007ffe83900000 - 0x00007ffe83a1a000 	C:\Windows\System32\gdi32full.dll
0x00007ffe83760000 - 0x00007ffe837fd000 	C:\Windows\System32\msvcp_win.dll
0x00007ffe84b30000 - 0x00007ffe84b60000 	C:\Windows\System32\IMM32.DLL
0x00007ffe7bb40000 - 0x00007ffe7bb4c000 	C:\Users\ctel\.p2\pool\plugins\org.eclipse.justj.openjdk.hotspot.jre.full.win32.x86_64_17.0.6.v20230204-1729\jre\bin\vcruntime140_1.dll
0x00007ffe4a530000 - 0x00007ffe4a5c1000 	C:\Users\ctel\.p2\pool\plugins\org.eclipse.justj.openjdk.hotspot.jre.full.win32.x86_64_17.0.6.v20230204-1729\jre\bin\msvcp140.dll
0x00007ffe4aae0000 - 0x00007ffe4b727000 	C:\Users\ctel\.p2\pool\plugins\org.eclipse.justj.openjdk.hotspot.jre.full.win32.x86_64_17.0.6.v20230204-1729\jre\bin\server\jvm.dll
0x00007ffe84a80000 - 0x00007ffe84b2e000 	C:\Windows\System32\ADVAPI32.dll
0x00007ffe852a0000 - 0x00007ffe8533c000 	C:\Windows\System32\sechost.dll
0x00007ffe85b20000 - 0x00007ffe85c46000 	C:\Windows\System32\RPCRT4.dll
0x00007ffe7b940000 - 0x00007ffe7b949000 	C:\Windows\SYSTEM32\WSOCK32.dll
0x00007ffe84eb0000 - 0x00007ffe84f1b000 	C:\Windows\System32\WS2_32.dll
0x00007ffe6c330000 - 0x00007ffe6c357000 	C:\Windows\SYSTEM32\WINMM.dll
0x00007ffe788f0000 - 0x00007ffe788fa000 	C:\Windows\SYSTEM32\VERSION.dll
0x00007ffe813f0000 - 0x00007ffe81402000 	C:\Windows\SYSTEM32\kernel.appcore.dll
0x00007ffe7f010000 - 0x00007ffe7f01a000 	C:\Users\ctel\.p2\pool\plugins\org.eclipse.justj.openjdk.hotspot.jre.full.win32.x86_64_17.0.6.v20230204-1729\jre\bin\jimage.dll
0x00007ffe74620000 - 0x00007ffe74804000 	C:\Windows\SYSTEM32\DBGHELP.DLL
0x00007ffe74980000 - 0x00007ffe749b4000 	C:\Windows\SYSTEM32\dbgcore.DLL
0x00007ffe836d0000 - 0x00007ffe83752000 	C:\Windows\System32\bcryptPrimitives.dll
0x00007ffe7e510000 - 0x00007ffe7e535000 	C:\Users\ctel\.p2\pool\plugins\org.eclipse.justj.openjdk.hotspot.jre.full.win32.x86_64_17.0.6.v20230204-1729\jre\bin\java.dll
0x00007ffe7c870000 - 0x00007ffe7c888000 	C:\Users\ctel\.p2\pool\plugins\org.eclipse.justj.openjdk.hotspot.jre.full.win32.x86_64_17.0.6.v20230204-1729\jre\bin\zip.dll
0x00007ffe83f70000 - 0x00007ffe846b4000 	C:\Windows\System32\SHELL32.dll
0x00007ffe815f0000 - 0x00007ffe81d8b000 	C:\Windows\SYSTEM32\windows.storage.dll
0x00007ffe84720000 - 0x00007ffe84a74000 	C:\Windows\System32\combase.dll
0x00007ffe82ea0000 - 0x00007ffe82ecd000 	C:\Windows\SYSTEM32\Wldp.dll
0x00007ffe83ec0000 - 0x00007ffe83f6d000 	C:\Windows\System32\SHCORE.dll
0x00007ffe85cf0000 - 0x00007ffe85d45000 	C:\Windows\System32\shlwapi.dll
0x00007ffe83460000 - 0x00007ffe83485000 	C:\Windows\SYSTEM32\profapi.dll
0x00007ffe74890000 - 0x00007ffe748a9000 	C:\Users\ctel\.p2\pool\plugins\org.eclipse.justj.openjdk.hotspot.jre.full.win32.x86_64_17.0.6.v20230204-1729\jre\bin\net.dll
0x00007ffe78ac0000 - 0x00007ffe78bca000 	C:\Windows\SYSTEM32\WINHTTP.dll
0x00007ffe82c00000 - 0x00007ffe82c6a000 	C:\Windows\system32\mswsock.dll
0x00007ffe74870000 - 0x00007ffe74885000 	C:\Users\ctel\.p2\pool\plugins\org.eclipse.justj.openjdk.hotspot.jre.full.win32.x86_64_17.0.6.v20230204-1729\jre\bin\nio.dll

dbghelp: loaded successfully - version: 4.0.5 - missing functions: none
symbol engine: initialized successfully - sym options: 0x614 - pdb path: .;C:\Users\ctel\.p2\pool\plugins\org.eclipse.justj.openjdk.hotspot.jre.full.win32.x86_64_17.0.6.v20230204-1729\jre\bin;C:\Windows\SYSTEM32;C:\Windows\WinSxS\amd64_microsoft.windows.common-controls_6595b64144ccf1df_6.0.19041.3570_none_60bb2a3971f3e41a;C:\Users\ctel\.p2\pool\plugins\org.eclipse.justj.openjdk.hotspot.jre.full.win32.x86_64_17.0.6.v20230204-1729\jre\bin\server

VM Arguments:
jvm_args: -Dfile.encoding=UTF-8 -XX:+ShowCodeDetailsInExceptionMessages 
java_command: WEBDRIVER.Project1
java_class_path (initial): C:\Users\ctel\eclipse-workspace\SELENIUM\bin;C:\Users\ctel\Downloads\selenium-server-standalone-3.141.59(1).jar
Launcher Type: SUN_STANDARD

[Global flags]
     intx CICompilerCount                          = 3                                         {product} {ergonomic}
     uint ConcGCThreads                            = 1                                         {product} {ergonomic}
     uint G1ConcRefinementThreads                  = 4                                         {product} {ergonomic}
   size_t G1HeapRegionSize                         = 1048576                                   {product} {ergonomic}
    uintx GCDrainStackTargetSize                   = 64                                        {product} {ergonomic}
   size_t InitialHeapSize                          = 67108864                                  {product} {ergonomic}
   size_t MarkStackSize                            = 4194304                                   {product} {ergonomic}
   size_t MaxHeapSize                              = 1048576000                                {product} {ergonomic}
   size_t MaxNewSize                               = 629145600                                 {product} {ergonomic}
   size_t MinHeapDeltaBytes                        = 1048576                                   {product} {ergonomic}
   size_t MinHeapSize                              = 8388608                                   {product} {ergonomic}
    uintx NonNMethodCodeHeapSize                   = 5832780                                {pd product} {ergonomic}
    uintx NonProfiledCodeHeapSize                  = 122912730                              {pd product} {ergonomic}
    uintx ProfiledCodeHeapSize                     = 122912730                              {pd product} {ergonomic}
    uintx ReservedCodeCacheSize                    = 251658240                              {pd product} {ergonomic}
     bool SegmentedCodeCache                       = true                                      {product} {ergonomic}
     bool ShowCodeDetailsInExceptionMessages       = true                                   {manageable} {command line}
   size_t SoftMaxHeapSize                          = 1048576000                             {manageable} {ergonomic}
     bool UseCompressedClassPointers               = true                           {product lp64_product} {ergonomic}
     bool UseCompressedOops                        = true                           {product lp64_product} {ergonomic}
     bool UseG1GC                                  = true                                      {product} {ergonomic}
     bool UseLargePagesIndividualAllocation        = false                                  {pd product} {ergonomic}

Logging:
Log output configuration:
 #0: stdout all=warning uptime,level,tags
 #1: stderr all=off uptime,level,tags

Environment Variables:
JAVA_HOME=C:\Program Files\Java\jdk-20
PATH=C:/Users/ctel/.p2/pool/plugins/org.eclipse.justj.openjdk.hotspot.jre.full.win32.x86_64_17.0.6.v20230204-1729/jre/bin/server;C:/Users/ctel/.p2/pool/plugins/org.eclipse.justj.openjdk.hotspot.jre.full.win32.x86_64_17.0.6.v20230204-1729/jre/bin;C:\Program Files\Common Files\Oracle\Java\javapath;C:\Windows\system32;C:\Windows;C:\Windows\System32\Wbem;C:\Windows\System32\WindowsPowerShell\v1.0\;C:\Windows\System32\OpenSSH\;C:\Program Files\PuTTY\;C:\Program Files\Java\jdk-20\bin;C:\Users\ctel\AppData\Local\Microsoft\WindowsApps;;C:\Users\ctel\Desktop;
USERNAME=ctel
OS=Windows_NT
PROCESSOR_IDENTIFIER=Intel64 Family 6 Model 55 Stepping 8, GenuineIntel
TMP=C:\Users\ctel\AppData\Local\Temp
TEMP=C:\Users\ctel\AppData\Local\Temp



---------------  S Y S T E M  ---------------

OS:
 Windows 10 , 64 bit Build 19041 (10.0.19041.3570)
OS uptime: 1 days 3:12 hours

CPU: total 4 (initial active 4) (4 cores per cpu, 1 threads per core) family 6 model 55 stepping 8 microcode 0x838, cx8, cmov, fxsr, mmx, 3dnowpref, sse, sse2, sse3, ssse3, sse4.1, sse4.2, popcnt, tsc, tscinvbit, erms, clmul, clflush

Memory: 4k page, system-wide physical 3995M (553M free)
TotalPageFile size 9681M (AvailPageFile size 2M)
current process WorkingSet (physical memory assigned to process): 32M, peak: 32M
current process commit charge ("private bytes"): 129M, peak: 129M

vm_info: OpenJDK 64-Bit Server VM (17.0.6+10) for windows-amd64 JRE (17.0.6+10), built on Jan 18 2023 10:08:59 by "temurin" with MS VC++ 16.7 (VS2019)

END.
